#
# There is insufficient memory for the Java Runtime Environment to continue.
# Native memory allocation (malloc) failed to allocate 1289616 bytes for Chunk::new
# Possible reasons:
#   The system is out of physical RAM or swap space
#   In 32 bit mode, the process size limit was hit
# Possible solutions:
#   Reduce memory load on the system
#   Increase physical memory or swap space
#   Check if swap backing store is full
#   Use 64 bit Java on a 64 bit OS
#   Decrease Java heap size (-Xmx/-Xms)
#   Decrease number of Java threads
#   Decrease Java thread stack sizes (-Xss)
#   Set larger code cache with -XX:ReservedCodeCacheSize=
# This output file may be truncated or incomplete.
#
#  Out of Memory Error (allocation.cpp:390), pid=4176, tid=0x00000000000029ac
#
# JRE version: Java(TM) SE Runtime Environment (8.0_121-b13) (build 1.8.0_121-b13)
# Java VM: Java HotSpot(TM) 64-Bit Server VM (25.121-b13 mixed mode windows-amd64 compressed oops)
# Failed to write core dump. Minidumps are not enabled by default on client versions of Windows
#

---------------  T H R E A D  ---------------

Current thread (0x0000000017b70000):  JavaThread "C2 CompilerThread0" daemon [_thread_in_native, id=10668, stack(0x0000000018360000,0x0000000018460000)]

Stack: [0x0000000018360000,0x0000000018460000]
[error occurred during error reporting (printing stack bounds), id 0xc0000005]

Native frames: (J=compiled Java code, j=interpreted, Vv=VM code, C=native code)


Current CompileTask:
C2:  20765 5082   !   4       org.springframework.core.annotation.AnnotatedElementUtils::searchWithFindSemantics (774 bytes)


---------------  P R O C E S S  ---------------

Java Threads: ( => current thread )
  0x0000000017b81000 JavaThread "Live Reload Server" daemon [_thread_in_native, id=9840, stack(0x00000000207d0000,0x00000000208d0000)]
  0x0000000017b80000 JavaThread "HikariPool-1 housekeeper" daemon [_thread_blocked, id=9248, stack(0x000000001f870000,0x000000001f970000)]
  0x0000000017b86000 JavaThread "Abandoned connection cleanup thread" daemon [_thread_blocked, id=8456, stack(0x000000001e7a0000,0x000000001e8a0000)]
  0x0000000017b85800 JavaThread "container-0" [_thread_blocked, id=6308, stack(0x000000001e3f0000,0x000000001e4f0000)]
  0x0000000017b7f800 JavaThread "ContainerBackgroundProcessor[StandardEngine[Tomcat]]" daemon [_thread_blocked, id=3480, stack(0x000000001e2f0000,0x000000001e3f0000)]
  0x00000000193e5000 JavaThread "restartedMain" [_thread_in_native, id=11152, stack(0x000000001a5d0000,0x000000001a6d0000)]
  0x0000000018f62800 JavaThread "Thread-0" [_thread_blocked, id=9588, stack(0x000000001a4d0000,0x000000001a5d0000)]
  0x0000000017c0b800 JavaThread "Service Thread" daemon [_thread_blocked, id=8696, stack(0x0000000018760000,0x0000000018860000)]
  0x0000000017b84000 JavaThread "C1 CompilerThread3" daemon [_thread_blocked, id=6660, stack(0x0000000018660000,0x0000000018760000)]
  0x0000000017b79800 JavaThread "C2 CompilerThread2" daemon [_thread_in_native, id=3580, stack(0x0000000018560000,0x0000000018660000)]
  0x0000000017b72800 JavaThread "C2 CompilerThread1" daemon [_thread_in_native, id=1144, stack(0x0000000018460000,0x0000000018560000)]
=>0x0000000017b70000 JavaThread "C2 CompilerThread0" daemon [_thread_in_native, id=10668, stack(0x0000000018360000,0x0000000018460000)]
  0x0000000017b6b000 JavaThread "Attach Listener" daemon [_thread_blocked, id=9364, stack(0x0000000018260000,0x0000000018360000)]
  0x0000000017b6a000 JavaThread "Signal Dispatcher" daemon [_thread_blocked, id=7796, stack(0x0000000018160000,0x0000000018260000)]
  0x0000000017b60800 JavaThread "Finalizer" daemon [_thread_blocked, id=3980, stack(0x0000000017f40000,0x0000000018040000)]
  0x000000000320a800 JavaThread "Reference Handler" daemon [_thread_blocked, id=6940, stack(0x0000000017a40000,0x0000000017b40000)]
  0x0000000003113800 JavaThread "main" [_thread_blocked, id=7424, stack(0x0000000003010000,0x0000000003110000)]

Other Threads:
  0x0000000015c49800 VMThread [stack: 0x0000000017940000,0x0000000017a40000] [id=548]
  0x0000000017c20000 WatcherThread [stack: 0x0000000018c00000,0x0000000018d00000] [id=7760]

VM state:not at safepoint (normal execution)

VM Mutex/Monitor currently owned by a thread: None

Heap:
 PSYoungGen      total 214528K, used 31093K [0x00000000eb300000, 0x00000000fcf80000, 0x0000000100000000)
  eden space 195584K, 15% used [0x00000000eb300000,0x00000000ed15d7c8,0x00000000f7200000)
  from space 18944K, 0% used [0x00000000f7200000,0x00000000f7200000,0x00000000f8480000)
  to   space 18944K, 0% used [0x00000000fbd00000,0x00000000fbd00000,0x00000000fcf80000)
 ParOldGen       total 56320K, used 32635K [0x00000000c1800000, 0x00000000c4f00000, 0x00000000eb300000)
  object space 56320K, 57% used [0x00000000c1800000,0x00000000c37dec38,0x00000000c4f00000)
 Metaspace       used 56692K, capacity 59496K, committed 59544K, reserved 1099776K
  class space    used 7838K, capacity 8316K, committed 8360K, reserved 1048576K

Card table byte_map: [0x00000000125d0000,0x00000000127d0000] byte_map_base: 0x0000000011fc4000

Marking Bits: (ParMarkBitMap*) 0x000000006aa5b6d0
 Begin Bits: [0x0000000013120000, 0x00000000140c0000)
 End Bits:   [0x00000000140c0000, 0x0000000015060000)

Polling page: 0x0000000002fb0000

CodeCache: size=245760Kb used=18504Kb max_used=18504Kb free=227255Kb
 bounds [0x0000000003210000, 0x0000000004440000, 0x0000000012210000]
 total_blobs=5103 nmethods=4559 adapters=455
 compilation: enabled

Compilation events (10 events):
Event: 20.448 Thread 0x0000000017b84000 5150       3       java.lang.Boolean::<init> (10 bytes)
Event: 20.448 Thread 0x0000000017b84000 nmethod 5150 0x00000000044217d0 code [0x0000000004421920, 0x0000000004421ad0]
Event: 20.448 Thread 0x0000000017b84000 5147       3       org.springframework.beans.factory.support.AbstractAutowireCapableBeanFactory::resolveBeforeInstantiation (83 bytes)
Event: 20.448 Thread 0x0000000017b84000 nmethod 5147 0x0000000004421b90 code [0x0000000004421d60, 0x0000000004422888]
Event: 20.462 Thread 0x0000000017b84000 5151       3       org.springframework.beans.factory.support.DefaultSingletonBeanRegistry::afterSingletonCreation (59 bytes)
Event: 20.463 Thread 0x0000000017b84000 nmethod 5151 0x0000000004422b10 code [0x0000000004422d20, 0x0000000004423848]
Event: 20.463 Thread 0x0000000017b84000 5152       3       org.springframework.beans.factory.support.DefaultSingletonBeanRegistry::beforeSingletonCreation (36 bytes)
Event: 20.463 Thread 0x0000000017b84000 nmethod 5152 0x0000000004423cd0 code [0x0000000004423e60, 0x0000000004424288]
Event: 20.469 Thread 0x0000000017b84000 5153   !   3       org.springframework.beans.factory.support.AbstractAutowireCapableBeanFactory::createBeanInstance (253 bytes)
Event: 20.476 Thread 0x0000000017b84000 nmethod 5153 0x0000000004424410 code [0x00000000044247c0, 0x0000000004427058]

GC Heap History (10 events):
Event: 8.305 GC heap before
{Heap before GC invocations=12 (full 1):
 PSYoungGen      total 158208K, used 36664K [0x00000000eb300000, 0x00000000f7600000, 0x0000000100000000)
  eden space 147456K, 17% used [0x00000000eb300000,0x00000000ecc55a08,0x00000000f4300000)
  from space 10752K, 99% used [0x00000000f5100000,0x00000000f5b78860,0x00000000f5b80000)
  to   space 14336K, 0% used [0x00000000f4300000,0x00000000f4300000,0x00000000f5100000)
 ParOldGen       total 31744K, used 18545K [0x00000000c1800000, 0x00000000c3700000, 0x00000000eb300000)
  object space 31744K, 58% used [0x00000000c1800000,0x00000000c2a1c578,0x00000000c3700000)
 Metaspace       used 33778K, capacity 35380K, committed 35496K, reserved 1079296K
  class space    used 4407K, capacity 4696K, committed 4776K, reserved 1048576K
Event: 8.314 GC heap after
Heap after GC invocations=12 (full 1):
 PSYoungGen      total 161792K, used 799K [0x00000000eb300000, 0x00000000f9500000, 0x0000000100000000)
  eden space 147456K, 0% used [0x00000000eb300000,0x00000000eb300000,0x00000000f4300000)
  from space 14336K, 5% used [0x00000000f4300000,0x00000000f43c7c38,0x00000000f5100000)
  to   space 14336K, 0% used [0x00000000f8700000,0x00000000f8700000,0x00000000f9500000)
 ParOldGen       total 31744K, used 29019K [0x00000000c1800000, 0x00000000c3700000, 0x00000000eb300000)
  object space 31744K, 91% used [0x00000000c1800000,0x00000000c3456de0,0x00000000c3700000)
 Metaspace       used 33778K, capacity 35380K, committed 35496K, reserved 1079296K
  class space    used 4407K, capacity 4696K, committed 4776K, reserved 1048576K
}
Event: 8.314 GC heap before
{Heap before GC invocations=13 (full 2):
 PSYoungGen      total 161792K, used 799K [0x00000000eb300000, 0x00000000f9500000, 0x0000000100000000)
  eden space 147456K, 0% used [0x00000000eb300000,0x00000000eb300000,0x00000000f4300000)
  from space 14336K, 5% used [0x00000000f4300000,0x00000000f43c7c38,0x00000000f5100000)
  to   space 14336K, 0% used [0x00000000f8700000,0x00000000f8700000,0x00000000f9500000)
 ParOldGen       total 31744K, used 29019K [0x00000000c1800000, 0x00000000c3700000, 0x00000000eb300000)
  object space 31744K, 91% used [0x00000000c1800000,0x00000000c3456de0,0x00000000c3700000)
 Metaspace       used 33778K, capacity 35380K, committed 35496K, reserved 1079296K
  class space    used 4407K, capacity 4696K, committed 4776K, reserved 1048576K
Event: 8.370 GC heap after
Heap after GC invocations=13 (full 2):
 PSYoungGen      total 161792K, used 0K [0x00000000eb300000, 0x00000000f9500000, 0x0000000100000000)
  eden space 147456K, 0% used [0x00000000eb300000,0x00000000eb300000,0x00000000f4300000)
  from space 14336K, 0% used [0x00000000f4300000,0x00000000f4300000,0x00000000f5100000)
  to   space 14336K, 0% used [0x00000000f8700000,0x00000000f8700000,0x00000000f9500000)
 ParOldGen       total 56320K, used 18211K [0x00000000c1800000, 0x00000000c4f00000, 0x00000000eb300000)
  object space 56320K, 32% used [0x00000000c1800000,0x00000000c29c8c20,0x00000000c4f00000)
 Metaspace       used 33778K, capacity 35380K, committed 35496K, reserved 1079296K
  class space    used 4407K, capacity 4696K, committed 4776K, reserved 1048576K
}
Event: 16.211 GC heap before
{Heap before GC invocations=14 (full 2):
 PSYoungGen      total 161792K, used 147456K [0x00000000eb300000, 0x00000000f9500000, 0x0000000100000000)
  eden space 147456K, 100% used [0x00000000eb300000,0x00000000f4300000,0x00000000f4300000)
  from space 14336K, 0% used [0x00000000f4300000,0x00000000f4300000,0x00000000f5100000)
  to   space 14336K, 0% used [0x00000000f8700000,0x00000000f8700000,0x00000000f9500000)
 ParOldGen       total 56320K, used 18211K [0x00000000c1800000, 0x00000000c4f00000, 0x00000000eb300000)
  object space 56320K, 32% used [0x00000000c1800000,0x00000000c29c8c20,0x00000000c4f00000)
 Metaspace       used 51847K, capacity 53738K, committed 54184K, reserved 1095680K
  class space    used 7098K, capacity 7487K, committed 7592K, reserved 1048576K
Event: 16.225 GC heap after
Heap after GC invocations=14 (full 2):
 PSYoungGen      total 209920K, used 14318K [0x00000000eb300000, 0x00000000f9700000, 0x0000000100000000)
  eden space 195584K, 0% used [0x00000000eb300000,0x00000000eb300000,0x00000000f7200000)
  from space 14336K, 99% used [0x00000000f8700000,0x00000000f94fb8f0,0x00000000f9500000)
  to   space 18944K, 0% used [0x00000000f7200000,0x00000000f7200000,0x00000000f8480000)
 ParOldGen       total 56320K, used 24315K [0x00000000c1800000, 0x00000000c4f00000, 0x00000000eb300000)
  object space 56320K, 43% used [0x00000000c1800000,0x00000000c2fbee48,0x00000000c4f00000)
 Metaspace       used 51847K, capacity 53738K, committed 54184K, reserved 1095680K
  class space    used 7098K, capacity 7487K, committed 7592K, reserved 1048576K
}
Event: 19.854 GC heap before
{Heap before GC invocations=15 (full 2):
 PSYoungGen      total 209920K, used 139049K [0x00000000eb300000, 0x00000000f9700000, 0x0000000100000000)
  eden space 195584K, 63% used [0x00000000eb300000,0x00000000f2cced00,0x00000000f7200000)
  from space 14336K, 99% used [0x00000000f8700000,0x00000000f94fb8f0,0x00000000f9500000)
  to   space 18944K, 0% used [0x00000000f7200000,0x00000000f7200000,0x00000000f8480000)
 ParOldGen       total 56320K, used 24315K [0x00000000c1800000, 0x00000000c4f00000, 0x00000000eb300000)
  object space 56320K, 43% used [0x00000000c1800000,0x00000000c2fbee48,0x00000000c4f00000)
 Metaspace       used 56272K, capacity 59008K, committed 59160K, reserved 1099776K
  class space    used 7757K, capacity 8222K, committed 8232K, reserved 1048576K
Event: 19.865 GC heap after
Heap after GC invocations=15 (full 2):
 PSYoungGen      total 214528K, used 9533K [0x00000000eb300000, 0x00000000fcf80000, 0x0000000100000000)
  eden space 195584K, 0% used [0x00000000eb300000,0x00000000eb300000,0x00000000f7200000)
  from space 18944K, 50% used [0x00000000f7200000,0x00000000f7b4f5d8,0x00000000f8480000)
  to   space 18944K, 0% used [0x00000000fbd00000,0x00000000fbd00000,0x00000000fcf80000)
 ParOldGen       total 56320K, used 30567K [0x00000000c1800000, 0x00000000c4f00000, 0x00000000eb300000)
  object space 56320K, 54% used [0x00000000c1800000,0x00000000c35d9ff8,0x00000000c4f00000)
 Metaspace       used 56272K, capacity 59008K, committed 59160K, reserved 1099776K
  class space    used 7757K, capacity 8222K, committed 8232K, reserved 1048576K
}
Event: 19.865 GC heap before
{Heap before GC invocations=16 (full 3):
 PSYoungGen      total 214528K, used 9533K [0x00000000eb300000, 0x00000000fcf80000, 0x0000000100000000)
  eden space 195584K, 0% used [0x00000000eb300000,0x00000000eb300000,0x00000000f7200000)
  from space 18944K, 50% used [0x00000000f7200000,0x00000000f7b4f5d8,0x00000000f8480000)
  to   space 18944K, 0% used [0x00000000fbd00000,0x00000000fbd00000,0x00000000fcf80000)
 ParOldGen       total 56320K, used 30567K [0x00000000c1800000, 0x00000000c4f00000, 0x00000000eb300000)
  object space 56320K, 54% used [0x00000000c1800000,0x00000000c35d9ff8,0x00000000c4f00000)
 Metaspace       used 56272K, capacity 59008K, committed 59160K, reserved 1099776K
  class space    used 7757K, capacity 8222K, committed 8232K, reserved 1048576K
Event: 20.076 GC heap after
Heap after GC invocations=16 (full 3):
 PSYoungGen      total 214528K, used 0K [0x00000000eb300000, 0x00000000fcf80000, 0x0000000100000000)
  eden space 195584K, 0% used [0x00000000eb300000,0x00000000eb300000,0x00000000f7200000)
  from space 18944K, 0% used [0x00000000f7200000,0x00000000f7200000,0x00000000f8480000)
  to   space 18944K, 0% used [0x00000000fbd00000,0x00000000fbd00000,0x00000000fcf80000)
 ParOldGen       total 56320K, used 32635K [0x00000000c1800000, 0x00000000c4f00000, 0x00000000eb300000)
  object space 56320K, 57% used [0x00000000c1800000,0x00000000c37dec38,0x00000000c4f00000)
 Metaspace       used 56272K, capacity 59008K, committed 59160K, reserved 1099776K
  class space    used 7757K, capacity 8222K, committed 8232K, reserved 1048576K
}

Deoptimization events (10 events):
Event: 18.500 Thread 0x00000000193e5000 Uncommon trap: reason=class_check action=maybe_recompile pc=0x0000000004109d28 method=java.lang.Class.getDeclaredAnnotation(Ljava/lang/Class;)Ljava/lang/annotation/Annotation; @ 18
Event: 18.523 Thread 0x00000000193e5000 Uncommon trap: reason=class_check action=maybe_recompile pc=0x0000000004109d28 method=java.lang.Class.getDeclaredAnnotation(Ljava/lang/Class;)Ljava/lang/annotation/Annotation; @ 18
Event: 19.195 Thread 0x00000000193e5000 Uncommon trap: reason=unstable_if action=reinterpret pc=0x0000000003b9fb94 method=org.springframework.util.CollectionUtils.isEmpty(Ljava/util/Collection;)Z @ 10
Event: 19.239 Thread 0x00000000193e5000 Uncommon trap: reason=unstable_if action=reinterpret pc=0x00000000036458b4 method=java.util.concurrent.ConcurrentHashMap.transfer([Ljava/util/concurrent/ConcurrentHashMap$Node;[Ljava/util/concurrent/ConcurrentHashMap$Node;)V @ 356
Event: 19.239 Thread 0x00000000193e5000 Uncommon trap: reason=unstable_if action=reinterpret pc=0x00000000035e803c method=java.util.concurrent.ConcurrentHashMap.transfer([Ljava/util/concurrent/ConcurrentHashMap$Node;[Ljava/util/concurrent/ConcurrentHashMap$Node;)V @ 356
Event: 19.256 Thread 0x00000000193e5000 Uncommon trap: reason=unstable_if action=reinterpret pc=0x00000000042f0578 method=org.springframework.core.annotation.AnnotatedElementUtils.searchWithFindSemantics(Ljava/lang/reflect/AnnotatedElement;Ljava/util/Set;Ljava/lang/String;Ljava/lang/Class;Lorg/
Event: 19.743 Thread 0x00000000193e5000 Uncommon trap: reason=predicate action=maybe_recompile pc=0x0000000003f7bad8 method=org.springframework.util.ReflectionUtils.doWithMethods(Ljava/lang/Class;Lorg/springframework/util/ReflectionUtils$MethodCallback;Lorg/springframework/util/ReflectionUtils$
Event: 20.329 Thread 0x00000000193e5000 Uncommon trap: reason=unstable_if action=reinterpret pc=0x0000000003cef964 method=jdk.internal.org.objectweb.asm.Item.isEqualTo(Ljdk/internal/org/objectweb/asm/Item;)Z @ 331
Event: 20.343 Thread 0x00000000193e5000 Uncommon trap: reason=unstable_if action=reinterpret pc=0x00000000041b01f8 method=org.springframework.beans.factory.support.AbstractBeanFactory.isTypeMatch(Ljava/lang/String;Lorg/springframework/core/ResolvableType;)Z @ 26
Event: 20.449 Thread 0x00000000193e5000 Uncommon trap: reason=unstable_if action=reinterpret pc=0x0000000003a07fd8 method=java.io.WinNTFileSystem.isLetter(C)Z @ 3

Internal exceptions (10 events):
Event: 20.468 Thread 0x00000000193e5000 Exception <a 'java/lang/ClassNotFoundException': org/springframework/beans/factory/AwareCustomizer> (0x00000000ecd40b20) thrown at [C:\re\workspace\8-2-build-windows-amd64-cygwin\jdk8u121\8372\hotspot\src\share\vm\classfile\systemDictionary.cpp, line 210]
Event: 20.468 Thread 0x00000000193e5000 Exception <a 'java/lang/ClassNotFoundException': org/springframework/beans/factory/BeanFactoryAwareCustomizer> (0x00000000ecd55148) thrown at [C:\re\workspace\8-2-build-windows-amd64-cygwin\jdk8u121\8372\hotspot\src\share\vm\classfile\systemDictionary.cpp
Event: 20.468 Thread 0x00000000193e5000 Exception <a 'java/lang/ClassNotFoundException': org/springframework/beans/factory/AwareCustomizer> (0x00000000ecd68398) thrown at [C:\re\workspace\8-2-build-windows-amd64-cygwin\jdk8u121\8372\hotspot\src\share\vm\classfile\systemDictionary.cpp, line 210]
Event: 20.530 Thread 0x00000000193e5000 Exception <a 'java/lang/ClassNotFoundException': java/lang/ObjectCustomizer> (0x00000000ecd9fb50) thrown at [C:\re\workspace\8-2-build-windows-amd64-cygwin\jdk8u121\8372\hotspot\src\share\vm\classfile\systemDictionary.cpp, line 210]
Event: 20.531 Thread 0x00000000193e5000 Exception <a 'java/lang/ClassNotFoundException': org/springframework/jmx/export/naming/MetadataNamingStrategyCustomizer> (0x00000000ecdb9c18) thrown at [C:\re\workspace\8-2-build-windows-amd64-cygwin\jdk8u121\8372\hotspot\src\share\vm\classfile\systemDict
Event: 20.531 Thread 0x00000000193e5000 Exception <a 'java/lang/ClassNotFoundException': org/springframework/boot/autoconfigure/jmx/ParentAwareNamingStrategyCustomizer> (0x00000000ecdd64a8) thrown at [C:\re\workspace\8-2-build-windows-amd64-cygwin\jdk8u121\8372\hotspot\src\share\vm\classfile\sy
Event: 20.532 Thread 0x00000000193e5000 Exception <a 'java/lang/ClassNotFoundException': org/springframework/context/ApplicationContextAwareCustomizer> (0x00000000ecdf2eb0) thrown at [C:\re\workspace\8-2-build-windows-amd64-cygwin\jdk8u121\8372\hotspot\src\share\vm\classfile\systemDictionary.cp
Event: 20.532 Thread 0x00000000193e5000 Exception <a 'java/lang/ClassNotFoundException': org/springframework/beans/factory/AwareCustomizer> (0x00000000ece06148) thrown at [C:\re\workspace\8-2-build-windows-amd64-cygwin\jdk8u121\8372\hotspot\src\share\vm\classfile\systemDictionary.cpp, line 210]
Event: 20.533 Thread 0x00000000193e5000 Exception <a 'java/lang/ClassNotFoundException': org/springframework/jmx/export/naming/ObjectNamingStrategyCustomizer> (0x00000000ece1c478) thrown at [C:\re\workspace\8-2-build-windows-amd64-cygwin\jdk8u121\8372\hotspot\src\share\vm\classfile\systemDictio
Event: 20.533 Thread 0x00000000193e5000 Exception <a 'java/lang/ClassNotFoundException': org/springframework/beans/factory/InitializingBeanCustomizer> (0x00000000ece31970) thrown at [C:\re\workspace\8-2-build-windows-amd64-cygwin\jdk8u121\8372\hotspot\src\share\vm\classfile\systemDictionary.cpp

Events (10 events):
Event: 20.536 loading class org/springframework/jmx/export/notification/NotificationPublisher
Event: 20.536 loading class org/springframework/jmx/export/notification/NotificationPublisher done
Event: 20.536 loading class org/springframework/jmx/export/MBeanExportException
Event: 20.536 loading class org/springframework/jmx/export/MBeanExportException done
Event: 20.537 loading class org/springframework/jmx/export/UnableToRegisterMBeanException
Event: 20.537 loading class org/springframework/jmx/export/UnableToRegisterMBeanException done
Event: 20.537 loading class javax/management/NotCompliantMBeanException
Event: 20.537 loading class javax/management/NotCompliantMBeanException done
Event: 20.537 loading class javax/management/modelmbean/ModelMBean
Event: 20.537 loading class javax/management/PersistentMBean


Dynamic libraries:
0x00007ff791b30000 - 0x00007ff791b67000 	C:\Program Files\Java\jre1.8.0_121\bin\javaw.exe
0x00007ff905b30000 - 0x00007ff905d01000 	C:\Windows\SYSTEM32\ntdll.dll
0x00007ff904d80000 - 0x00007ff904e2b000 	C:\Windows\System32\KERNEL32.DLL
0x00007ff902cd0000 - 0x00007ff902eed000 	C:\Windows\System32\KERNELBASE.dll
0x00007ff904fe0000 - 0x00007ff905082000 	C:\Windows\System32\ADVAPI32.dll
0x00007ff904b80000 - 0x00007ff904c1e000 	C:\Windows\System32\msvcrt.dll
0x00007ff903160000 - 0x00007ff9031b9000 	C:\Windows\System32\sechost.dll
0x00007ff9032e0000 - 0x00007ff903401000 	C:\Windows\System32\RPCRT4.dll
0x00007ff905530000 - 0x00007ff905695000 	C:\Windows\System32\USER32.dll
0x00007ff902800000 - 0x00007ff90281e000 	C:\Windows\System32\win32u.dll
0x00007ff9034e0000 - 0x00007ff903514000 	C:\Windows\System32\GDI32.dll
0x00007ff902b40000 - 0x00007ff902cc2000 	C:\Windows\System32\gdi32full.dll
0x00007ff8f9a40000 - 0x00007ff8f9cb9000 	C:\Windows\WinSxS\amd64_microsoft.windows.common-controls_6595b64144ccf1df_6.0.14393.447_none_42191651c6827bb3\COMCTL32.dll
0x00007ff905260000 - 0x00007ff905527000 	C:\Windows\System32\combase.dll
0x00007ff9029e0000 - 0x00007ff902ad5000 	C:\Windows\System32\ucrtbase.dll
0x00007ff9028d0000 - 0x00007ff90293a000 	C:\Windows\System32\bcryptPrimitives.dll
0x00007ff904e30000 - 0x00007ff904e5e000 	C:\Windows\System32\IMM32.DLL
0x000000006aae0000 - 0x000000006abb2000 	C:\Program Files\Java\jre1.8.0_121\bin\msvcr100.dll
0x000000006a240000 - 0x000000006aadb000 	C:\Program Files\Java\jre1.8.0_121\bin\server\jvm.dll
0x00007ff905090000 - 0x00007ff905098000 	C:\Windows\System32\PSAPI.DLL
0x00007ff8fd160000 - 0x00007ff8fd169000 	C:\Windows\SYSTEM32\WSOCK32.dll
0x00007ff8f8640000 - 0x00007ff8f864a000 	C:\Windows\SYSTEM32\VERSION.dll
0x00007ff9000e0000 - 0x00007ff900103000 	C:\Windows\SYSTEM32\WINMM.dll
0x00007ff904e60000 - 0x00007ff904eca000 	C:\Windows\System32\WS2_32.dll
0x00000000017c0000 - 0x00000000017eb000 	C:\Windows\SYSTEM32\WINMMBASE.dll
0x00007ff902020000 - 0x00007ff902062000 	C:\Windows\System32\cfgmgr32.dll
0x000000006a230000 - 0x000000006a23f000 	C:\Program Files\Java\jre1.8.0_121\bin\verify.dll
0x000000006a200000 - 0x000000006a229000 	C:\Program Files\Java\jre1.8.0_121\bin\java.dll
0x000000006a1e0000 - 0x000000006a1f6000 	C:\Program Files\Java\jre1.8.0_121\bin\zip.dll
0x00007ff903520000 - 0x00007ff904a29000 	C:\Windows\System32\SHELL32.dll
0x00007ff902120000 - 0x00007ff9027fa000 	C:\Windows\System32\windows.storage.dll
0x00007ff901fd0000 - 0x00007ff90201c000 	C:\Windows\System32\powrprof.dll
0x00007ff903410000 - 0x00007ff903462000 	C:\Windows\System32\shlwapi.dll
0x00007ff901fb0000 - 0x00007ff901fbf000 	C:\Windows\System32\kernel.appcore.dll
0x00007ff902820000 - 0x00007ff9028c9000 	C:\Windows\System32\shcore.dll
0x00007ff901f90000 - 0x00007ff901fa4000 	C:\Windows\System32\profapi.dll
0x000000006a150000 - 0x000000006a15d000 	C:\Program Files\Java\jre1.8.0_121\bin\management.dll
0x000000006a1c0000 - 0x000000006a1da000 	C:\Program Files\Java\jre1.8.0_121\bin\net.dll
0x00007ff9017f0000 - 0x00007ff90184c000 	C:\Windows\system32\mswsock.dll
0x00007ff8f0120000 - 0x00007ff8f0136000 	C:\Windows\system32\napinsp.dll
0x00007ff8f0100000 - 0x00007ff8f011a000 	C:\Windows\system32\pnrpnsp.dll
0x00007ff9003c0000 - 0x00007ff9003d8000 	C:\Windows\system32\NLAapi.dll
0x00007ff9015c0000 - 0x00007ff901660000 	C:\Windows\SYSTEM32\DNSAPI.dll
0x00007ff904b70000 - 0x00007ff904b78000 	C:\Windows\System32\NSI.dll
0x00007ff901580000 - 0x00007ff9015b8000 	C:\Windows\SYSTEM32\IPHLPAPI.DLL
0x00007ff8f12c0000 - 0x00007ff8f12ce000 	C:\Windows\System32\winrnr.dll
0x00007ff8fbed0000 - 0x00007ff8fbeda000 	C:\Windows\System32\rasadhlp.dll
0x00007ff8fc040000 - 0x00007ff8fc0aa000 	C:\Windows\System32\fwpuclnt.dll
0x00007ff901b70000 - 0x00007ff901b9b000 	C:\Windows\SYSTEM32\bcrypt.dll
0x000000006a1a0000 - 0x000000006a1b1000 	C:\Program Files\Java\jre1.8.0_121\bin\nio.dll
0x00007ff901a60000 - 0x00007ff901a77000 	C:\Windows\SYSTEM32\CRYPTSP.dll
0x00007ff901970000 - 0x00007ff9019a3000 	C:\Windows\system32\rsaenh.dll
0x00007ff901670000 - 0x00007ff90168f000 	C:\Windows\SYSTEM32\USERENV.dll
0x00007ff901a80000 - 0x00007ff901a8b000 	C:\Windows\SYSTEM32\CRYPTBASE.dll
0x00007ff8ff1b0000 - 0x00007ff8ff1c6000 	C:\Windows\SYSTEM32\dhcpcsvc6.DLL
0x00007ff8ff190000 - 0x00007ff8ff1aa000 	C:\Windows\SYSTEM32\dhcpcsvc.DLL

VM Arguments:
jvm_args: -Dfile.encoding=UTF-8 
java_command: org.sid.MicroService1Application
java_class_path (initial): C:\Users\user\eclipse-workspace\Micro-service_1\target\classes;C:\Users\user\.m2\repository\org\springframework\boot\spring-boot-starter-data-jpa\2.1.0.RELEASE\spring-boot-starter-data-jpa-2.1.0.RELEASE.jar;C:\Users\user\.m2\repository\org\springframework\boot\spring-boot-starter-aop\2.1.0.RELEASE\spring-boot-starter-aop-2.1.0.RELEASE.jar;C:\Users\user\.m2\repository\org\springframework\spring-aop\5.1.2.RELEASE\spring-aop-5.1.2.RELEASE.jar;C:\Users\user\.m2\repository\org\aspectj\aspectjweaver\1.9.2\aspectjweaver-1.9.2.jar;C:\Users\user\.m2\repository\org\springframework\boot\spring-boot-starter-jdbc\2.1.0.RELEASE\spring-boot-starter-jdbc-2.1.0.RELEASE.jar;C:\Users\user\.m2\repository\com\zaxxer\HikariCP\3.2.0\HikariCP-3.2.0.jar;C:\Users\user\.m2\repository\org\springframework\spring-jdbc\5.1.2.RELEASE\spring-jdbc-5.1.2.RELEASE.jar;C:\Users\user\.m2\repository\javax\transaction\javax.transaction-api\1.3\javax.transaction-api-1.3.jar;C:\Users\user\.m2\repository\javax\xml\bind\jaxb-api\2.3.1\jaxb-api-2.3.1.jar;C:\Users\user\.m2\repository\javax\activation\javax.activation-api\1.2.0\javax.activation-api-1.2.0.jar;C:\Users\user\.m2\repository\org\hibernate\hibernate-core\5.3.7.Final\hibernate-core-5.3.7.Final.jar;C:\Users\user\.m2\repository\org\jboss\logging\jboss-logging\3.3.2.Final\jboss-logging-3.3.2.Final.jar;C:\Users\user\.m2\repository\javax\persistence\javax.persistence-api\2.2\javax.persistence-api-2.2.jar;C:\Users\user\.m2\repository\org\javassist\javassist\3.23.1-GA\javassist-3.23.1-GA.jar;C:\Users\user\.m2\repository\net\bytebuddy\byte-buddy\1.9.3\byte-buddy-1.9.3.jar;C:\Users\user\.m2\repository\antlr\antlr\2.7.7\antlr-2.7.7.jar;C:\Users\user\.m2\repository\org\jboss\jandex\2.0.5.Final\jandex-2.0.5.Final.jar;C:\Users\user\.m2\repository\com\fasterxml\classmate\1.4.0\classmate-1.4.0.jar;C:\Users\user\.m2\repository\org\dom4j\dom4j\2.1.1\dom4j-2.1.1.jar;C:\Users\user\.m2\repository\org\hibernate\common\hibernate-commons-annotatio
Launcher Type: SUN_STANDARD

Environment Variables:
PATH=C:\ProgramData\Oracle\Java\javapath;C:\Windows\system32;C:\Windows;C:\Windows\System32\Wbem;C:\Windows\System32\WindowsPowerShell\v1.0\;c:\Program Files (x86)\Microsoft SQL Server\100\Tools\Binn\;c:\Program Files\Microsoft SQL Server\100\Tools\Binn\;c:\Program Files\Microsoft SQL Server\100\DTS\Binn\;C:\wamp64\bin\php\php7.1.22;C:\ProgramData\ComposerSetup\bin;C:\Program Files\nodejs\;C:\Users\user\AppData\Local\Microsoft\WindowsApps;C:\Users\user\AppData\Roaming\Composer\vendor\bin;C:\Users\user\AppData\Roaming\npm
USERNAME=user
OS=Windows_NT
PROCESSOR_IDENTIFIER=Intel64 Family 6 Model 94 Stepping 3, GenuineIntel



---------------  S Y S T E M  ---------------

OS: Windows 10.0 , 64 bit Build 14393 (10.0.14393.0)

CPU:total 8 (4 cores per cpu, 2 threads per core) family 6 model 94 stepping 3, cmov, cx8, fxsr, mmx, sse, sse2, sse3, ssse3, sse4.1, sse4.2, popcnt, avx, avx2, aes, clmul, erms, rtm, 3dnowpref, lzcnt, ht, tsc, tscinvbit, bmi1, bmi2, adx

Memory: 4k page, physical 4088412k(259340k free), swap 7672412k(6016k free)

vm_info: Java HotSpot(TM) 64-Bit Server VM (25.121-b13) for windows-amd64 JRE (1.8.0_121-b13), built on Dec 12 2016 18:21:36 by "java_re" with MS VC++ 10.0 (VS2010)

time: Thu Nov 15 15:25:03 2018
elapsed time: 20 seconds (0d 0h 0m 20s)

